Copyright 1986-2022 Xilinx, Inc. All Rights Reserved. Copyright 2022-2024 Advanced Micro Devices, Inc. All Rights Reserved.
-------------------------------------------------------------------------------------------------------------------------------------------------
| Tool Version     : Vivado v.2024.1 (win64) Build 5076996 Wed May 22 18:37:14 MDT 2024
| Date             : Tue Aug 27 01:06:23 2024
| Host             : Nicks-PC running 64-bit major release  (build 9200)
| Command          : report_power -file top_power_routed.rpt -pb top_power_summary_routed.pb -rpx top_power_routed.rpx
| Design           : top
| Device           : xc7k70tfbg676-2
| Design State     : routed
| Grade            : commercial
| Process          : typical
| Characterization : Production
-------------------------------------------------------------------------------------------------------------------------------------------------

Power Report

Table of Contents
-----------------
1. Summary
1.1 On-Chip Components
1.2 Power Supply Summary
1.3 Confidence Level
2. Settings
2.1 Environment
2.2 Clock Constraints
3. Detailed Reports
3.1 By Hierarchy

1. Summary
----------

+--------------------------+--------------+
| Total On-Chip Power (W)  | 2.383        |
| Design Power Budget (W)  | Unspecified* |
| Power Budget Margin (W)  | NA           |
| Dynamic (W)              | 2.279        |
| Device Static (W)        | 0.104        |
| Effective TJA (C/W)      | 1.9          |
| Max Ambient (C)          | 80.5         |
| Junction Temperature (C) | 29.5         |
| Confidence Level         | Low          |
| Setting File             | ---          |
| Simulation Activity File | ---          |
| Design Nets Matched      | NA           |
+--------------------------+--------------+
* Specify Design Power Budget using, set_operating_conditions -design_power_budget <value in Watts>


1.1 On-Chip Components
----------------------

+-------------------------+-----------+----------+-----------+-----------------+
| On-Chip                 | Power (W) | Used     | Available | Utilization (%) |
+-------------------------+-----------+----------+-----------+-----------------+
| Clocks                  |     0.067 |       14 |       --- |             --- |
| Slice Logic             |     0.050 |    40383 |       --- |             --- |
|   LUT as Logic          |     0.045 |    19708 |     41000 |           48.07 |
|   CARRY4                |     0.003 |      889 |     10250 |            8.67 |
|   Register              |     0.002 |    15689 |     82000 |           19.13 |
|   F7/F8 Muxes           |    <0.001 |      736 |     41000 |            1.80 |
|   LUT as Shift Register |    <0.001 |        9 |     13400 |            0.07 |
|   Others                |     0.000 |      396 |       --- |             --- |
|   BUFR                  |     0.000 |        4 |       120 |            3.33 |
| Signals                 |     0.076 |    32772 |       --- |             --- |
| Block RAM               |     0.171 |      109 |       135 |           80.74 |
| MMCM                    |     0.107 |        1 |         6 |           16.67 |
| DSPs                    |     0.001 |       68 |       240 |           28.33 |
| I/O                     |     0.012 |       95 |       300 |           31.67 |
| GTX                     |     1.794 |        8 |         8 |          100.00 |
| Static Power            |     0.104 |          |           |                 |
| Total                   |     2.383 |          |           |                 |
+-------------------------+-----------+----------+-----------+-----------------+


1.2 Power Supply Summary
------------------------

+-----------+-------------+-----------+-------------+------------+-------------+-------------+------------+
| Source    | Voltage (V) | Total (A) | Dynamic (A) | Static (A) | Powerup (A) | Budget (A)  | Margin (A) |
+-----------+-------------+-----------+-------------+------------+-------------+-------------+------------+
| Vccint    |       1.000 |     0.479 |       0.450 |      0.029 |       NA    | Unspecified | NA         |
| Vccaux    |       1.800 |     0.072 |       0.060 |      0.012 |       NA    | Unspecified | NA         |
| Vcco33    |       3.300 |     0.000 |       0.000 |      0.000 |       NA    | Unspecified | NA         |
| Vcco25    |       2.500 |     0.000 |       0.000 |      0.000 |       NA    | Unspecified | NA         |
| Vcco18    |       1.800 |     0.007 |       0.006 |      0.001 |       NA    | Unspecified | NA         |
| Vcco15    |       1.500 |     0.000 |       0.000 |      0.000 |       NA    | Unspecified | NA         |
| Vcco135   |       1.350 |     0.000 |       0.000 |      0.000 |       NA    | Unspecified | NA         |
| Vcco12    |       1.200 |     0.000 |       0.000 |      0.000 |       NA    | Unspecified | NA         |
| Vccaux_io |       1.800 |     0.000 |       0.000 |      0.000 |       NA    | Unspecified | NA         |
| Vccbram   |       1.000 |     0.018 |       0.014 |      0.004 |       NA    | Unspecified | NA         |
| MGTAVcc   |       1.000 |     0.829 |       0.824 |      0.005 |       NA    | Unspecified | NA         |
| MGTAVtt   |       1.200 |     0.733 |       0.728 |      0.005 |       NA    | Unspecified | NA         |
| MGTVccaux |       1.800 |     0.000 |       0.000 |      0.000 |       NA    | Unspecified | NA         |
| Vccadc    |       1.800 |     0.020 |       0.000 |      0.020 |       NA    | Unspecified | NA         |
+-----------+-------------+-----------+-------------+------------+-------------+-------------+------------+


1.3 Confidence Level
--------------------

+-----------------------------+------------+--------------------------------------------------------+------------------------------------------------------------------------------------------------------------+
| User Input Data             | Confidence | Details                                                | Action                                                                                                     |
+-----------------------------+------------+--------------------------------------------------------+------------------------------------------------------------------------------------------------------------+
| Design implementation state | High       | Design is routed                                       |                                                                                                            |
| Clock nodes activity        | High       | User specified more than 95% of clocks                 |                                                                                                            |
| I/O nodes activity          | Low        | More than 75% of inputs are missing user specification | Provide missing input activity with simulation results or by editing the "By Resource Type -> I/Os" view   |
| Internal nodes activity     | Medium     | User specified less than 25% of internal nodes         | Provide missing internal nodes activity with simulation results or by editing the "By Resource Type" views |
| Device models               | High       | Device models are Production                           |                                                                                                            |
|                             |            |                                                        |                                                                                                            |
| Overall confidence level    | Low        |                                                        |                                                                                                            |
+-----------------------------+------------+--------------------------------------------------------+------------------------------------------------------------------------------------------------------------+


2. Settings
-----------

2.1 Environment
---------------

+-----------------------+--------------------------+
| Ambient Temp (C)      | 25.0                     |
| ThetaJA (C/W)         | 1.9                      |
| Airflow (LFM)         | 250                      |
| Heat Sink             | medium (Medium Profile)  |
| ThetaSA (C/W)         | 3.4                      |
| Board Selection       | medium (10"x10")         |
| # of Board Layers     | 12to15 (12 to 15 Layers) |
| Board Temperature (C) | 25.0                     |
+-----------------------+--------------------------+


2.2 Clock Constraints
---------------------

+----------------+--------------------------------------------------------------------------------+-----------------+
| Clock          | Domain                                                                         | Constraint (ns) |
+----------------+--------------------------------------------------------------------------------+-----------------+
| clkfbout       | clkgen/clkfbout                                                                |            10.0 |
| cpuClk_5       | clkgen/cpuClk_5                                                                |            20.0 |
| fftClk_0       | clkgen/fftClk_0                                                                |            10.0 |
| gt0_txusrclk_i | mgtEngine/ROCKETIO_WRAPPER_TILE_i/gt0_ROCKETIO_WRAPPER_TILE_i/GT0_TXOUTCLK_OUT |            12.8 |
| gt2_txusrclk_i | mgtEngine/ROCKETIO_WRAPPER_TILE_i/gt2_ROCKETIO_WRAPPER_TILE_i/GT2_TXOUTCLK_OUT |            12.8 |
| gt4_txusrclk_i | mgtEngine/ROCKETIO_WRAPPER_TILE_i/gt4_ROCKETIO_WRAPPER_TILE_i/GT4_TXOUTCLK_OUT |            12.8 |
| gt6_txusrclk_i | mgtEngine/ROCKETIO_WRAPPER_TILE_i/gt6_ROCKETIO_WRAPPER_TILE_i/GT6_TXOUTCLK_OUT |            12.8 |
| phyClk0_2      | clkgen/phyClk0_2                                                               |            10.0 |
| phyClk1_1      | clkgen/phyClk1_1                                                               |            10.0 |
| sysClk         | sysClk                                                                         |            10.0 |
| usbClk_3       | clkgen/usbClk_3                                                                |            10.0 |
| wbClk_4        | clkgen/wbClk_4                                                                 |            20.0 |
+----------------+--------------------------------------------------------------------------------+-----------------+


3. Detailed Reports
-------------------

3.1 By Hierarchy
----------------

+-----------------------------------+-----------+
| Name                              | Power (W) |
+-----------------------------------+-----------+
| top                               |     2.279 |
|   clkgen                          |     0.108 |
|   cpuEngine                       |     0.048 |
|     cpu_dbg_dat_i                 |     0.004 |
|       buffer_fifo                 |     0.004 |
|     cpu_dbg_dat_o                 |     0.003 |
|       buffer_fifo                 |     0.003 |
|     cpu_dwb_dat_i                 |     0.003 |
|       buffer_fifo                 |     0.003 |
|     cpu_dwb_dat_o                 |     0.004 |
|       buffer_fifo                 |     0.004 |
|     cpu_iwb_adr_o                 |     0.004 |
|       buffer_fifo                 |     0.004 |
|     cpu_iwb_dat_i                 |     0.003 |
|       buffer_fifo                 |     0.003 |
|     cpu_iwb_dat_o                 |     0.003 |
|       buffer_fifo                 |     0.003 |
|     iwb_biu                       |     0.001 |
|     or1200_cpu                    |     0.011 |
|       or1200_ctrl                 |     0.002 |
|       or1200_mult_mac             |     0.004 |
|       or1200_rf                   |     0.003 |
|     or1200_dc_top                 |     0.003 |
|       or1200_dc_ram               |     0.001 |
|       or1200_dc_tag               |     0.001 |
|     or1200_du                     |     0.005 |
|     or1200_ic_top                 |     0.002 |
|       or1200_ic_ram               |     0.001 |
|       or1200_ic_tag               |     0.001 |
|     or1200_qmem_top               |     0.001 |
|   fftEngine                       |     0.012 |
|     fftInst                       |     0.010 |
|   mgtEngine                       |     1.802 |
|     ROCKETIO_WRAPPER_TILE_i       |     1.795 |
|       gt0_ROCKETIO_WRAPPER_TILE_i |     0.224 |
|       gt1_ROCKETIO_WRAPPER_TILE_i |     0.224 |
|       gt2_ROCKETIO_WRAPPER_TILE_i |     0.224 |
|       gt3_ROCKETIO_WRAPPER_TILE_i |     0.224 |
|       gt4_ROCKETIO_WRAPPER_TILE_i |     0.224 |
|       gt5_ROCKETIO_WRAPPER_TILE_i |     0.224 |
|       gt6_ROCKETIO_WRAPPER_TILE_i |     0.224 |
|       gt7_ROCKETIO_WRAPPER_TILE_i |     0.224 |
|   usbEngine0                      |     0.145 |
|     dma_out                       |     0.003 |
|       buffer_fifo                 |     0.003 |
|     u0                            |     0.001 |
|     u1                            |     0.015 |
|       u2                          |     0.006 |
|       u3                          |     0.008 |
|     u4                            |     0.033 |
|       u0                          |     0.002 |
|       u1                          |     0.002 |
|       u10                         |     0.002 |
|       u11                         |     0.002 |
|       u12                         |     0.002 |
|       u13                         |     0.002 |
|       u14                         |     0.002 |
|       u15                         |     0.002 |
|       u2                          |     0.002 |
|       u3                          |     0.003 |
|       u4                          |     0.002 |
|       u5                          |     0.002 |
|       u6                          |     0.002 |
|       u7                          |     0.002 |
|       u8                          |     0.002 |
|       u9                          |     0.002 |
|     u5                            |     0.001 |
|     usbEngineSRAM                 |     0.068 |
|     usb_dma_wb_in                 |     0.012 |
|       buffer_fifo                 |     0.012 |
|     usb_in                        |     0.007 |
|       buffer_fifo                 |     0.007 |
|     usb_out                       |     0.003 |
|       buffer_fifo                 |     0.003 |
|   usbEngine1                      |     0.146 |
|     dma_out                       |     0.003 |
|       buffer_fifo                 |     0.003 |
|     u0                            |     0.001 |
|     u1                            |     0.016 |
|       u2                          |     0.006 |
|       u3                          |     0.009 |
|     u4                            |     0.033 |
|       u0                          |     0.002 |
|       u1                          |     0.002 |
|       u10                         |     0.002 |
|       u11                         |     0.002 |
|       u12                         |     0.002 |
|       u13                         |     0.002 |
|       u14                         |     0.002 |
|       u15                         |     0.002 |
|       u2                          |     0.002 |
|       u3                          |     0.003 |
|       u4                          |     0.002 |
|       u5                          |     0.002 |
|       u6                          |     0.002 |
|       u7                          |     0.002 |
|       u8                          |     0.002 |
|       u9                          |     0.002 |
|     usbEngineSRAM                 |     0.066 |
|     usb_dma_wb_in                 |     0.012 |
|       buffer_fifo                 |     0.012 |
|     usb_in                        |     0.008 |
|       buffer_fifo                 |     0.008 |
|     usb_out                       |     0.003 |
|       buffer_fifo                 |     0.003 |
|   wbArbEngine                     |     0.003 |
+-----------------------------------+-----------+


